<?xml version="1.0" encoding="utf-8"?><testsuites name="pytest tests"><testsuite name="pytest" errors="0" failures="0" skipped="0" tests="148" time="29.475" timestamp="2026-08-19T12:20:09.987694+01:00" hostname="lu-7sy2yj4"><testcase classname="tests.test_llama_interface.TestModelInstanceInit" name="test_logits_all_defaults_to_false" time="0.022" /><testcase classname="tests.test_llama_interface.TestModelInstanceInit" name="test_logits_all_true_passed_to_llama" time="0.001" /><testcase classname="tests.test_llama_interface.TestModelInstanceInit" name="test_cache_sized_from_model_metadata" time="0.002" /><testcase classname="tests.test_llama_interface.TestModelInstanceInit" name="test_wires_c_backend" time="0.000" /><testcase classname="tests.test_llama_interface.TestModelInstanceQuery" name="test_returns_string" time="0.447" /><testcase classname="tests.test_llama_interface.TestModelInstanceQuery" name="test_returns_detokenized_output" time="0.578" /><testcase classname="tests.test_llama_interface.TestModelInstanceQuery" name="test_calls_reset_then_eval_with_prompt" time="0.547" /><testcase classname="tests.test_llama_interface.TestModelInstanceQuery" name="test_stops_at_eos" time="0.525" /><testcase classname="tests.test_llama_interface.TestModelInstanceQueryNTimes" name="test_returns_numpy_array" time="0.001" /><testcase classname="tests.test_llama_interface.TestModelInstanceQueryNTimes" name="test_array_length_matches_n" time="0.001" /><testcase classname="tests.test_llama_interface.TestModelInstanceQueryNTimes" name="test_query_called_n_times" time="0.001" /><testcase classname="tests.test_llama_interface.TestModelInstanceQueryNTimes" name="test_responses_are_strings" time="0.001" /><testcase classname="tests.test_llama_interface.TestModelInstanceQueryLogProbs" name="test_returns_llmtokendata" time="0.598" /><testcase classname="tests.test_llama_interface.TestModelInstanceQueryLogProbs" name="test_tokens_are_strings" time="0.568" /><testcase classname="tests.test_llama_interface.TestModelInstanceQueryLogProbs" name="test_probs_are_exp_of_sampled_token_logprobs" time="0.549" /><testcase classname="tests.test_llama_interface.TestModelInstanceQueryLogProbs" name="test_probs_are_between_zero_and_one" time="0.593" /><testcase classname="tests.test_llama_interface.TestModelInstanceQueryLogProbs" name="test_tokens_and_probs_same_length" time="0.562" /><testcase classname="tests.test_llama_interface.TestModelInstanceQueryLogProbs" name="test_prompt_is_stored" time="0.543" /><testcase classname="tests.test_llama_interface.TestModelInstanceQueryLogProbs" name="test_stops_at_eos" time="0.590" /><testcase classname="tests.test_llama_interface.TestModelInstanceGenerateData" name="test_returns_llmoutputdata" time="0.001" /><testcase classname="tests.test_llama_interface.TestModelInstanceGenerateData" name="test_prompt_matches_context" time="0.001" /><testcase classname="tests.test_llama_interface.TestModelInstanceGenerateData" name="test_data_length_matches_n_samples" time="0.001" /><testcase classname="tests.test_llama_interface.TestModelInstanceGenerateData" name="test_written_flag_is_false" time="0.000" /><testcase classname="tests.test_llama_interface.TestModelInstanceQueryBranch" name="test_returns_float" time="0.549" /><testcase classname="tests.test_llama_interface.TestModelInstanceQueryBranch" name="test_returns_zero_for_immediate_eos" time="0.521" /><testcase classname="tests.test_llama_interface.TestModelInstanceQueryBranch" name="test_sums_log_probs_of_generated_tokens" time="0.592" /><testcase classname="tests.test_llama_interface.TestModelInstanceQueryBranch" name="test_stops_at_max_tokens" time="0.563" /><testcase classname="tests.test_llama_interface.TestModelInstanceQueryBranch" name="test_eos_log_prob_not_included_in_sum" time="0.605" /><testcase classname="tests.test_llama_interface.TestModelInstanceQueryBranch" name="test_calls_reset" time="0.565" /><testcase classname="tests.test_llama_interface.TestModelInstanceQueryBranch" name="test_calls_eval_with_context_tokens" time="0.542" /><testcase classname="tests.test_llama_interface.TestModelInstanceQueryBranch" name="test_saves_state_after_context_eval" time="0.597" /><testcase classname="tests.test_llama_interface.TestModelInstanceQueryBranch" name="test_loads_saved_state" time="0.565" /><testcase classname="tests.test_llama_interface.TestModelInstanceQueryBranch" name="test_eval_called_once_per_generated_token" time="0.580" /><testcase classname="tests.test_llama_interface.TestQueryLogProbsNextToken" name="test_always_returns_llmnexttokendata" time="0.581" /><testcase classname="tests.test_llama_interface.TestQueryLogProbsNextToken" name="test_output_vec_is_passed_context" time="0.549" /><testcase classname="tests.test_llama_interface.TestQueryLogProbsNextToken" name="test_top_k_tokens_contains_highest_scoring_tokens" time="0.526" /><testcase classname="tests.test_llama_interface.TestQueryLogProbsNextToken" name="test_top_k_tokens_has_n_entries" time="0.584" /><testcase classname="tests.test_llama_interface.TestQueryLogProbsNextToken" name="test_calls_reset" time="0.550" /><testcase classname="tests.test_llama_interface.TestQueryLogProbsNextToken" name="test_calls_eval_with_context_tokens" time="0.531" /><testcase classname="tests.test_llama_interface.TestFormatChatPrompt" name="test_returns_list" time="0.001" /><testcase classname="tests.test_llama_interface.TestFormatChatPrompt" name="test_returns_list_of_ints" time="0.001" /><testcase classname="tests.test_llama_interface.TestFormatChatPrompt" name="test_formatter_constructed_with_metadata_template" time="0.001" /><testcase classname="tests.test_llama_interface.TestFormatChatPrompt" name="test_formatter_called_with_user_message" time="0.001" /><testcase classname="tests.test_llama_interface.TestFormatChatPrompt" name="test_calls_tokenize_with_handler_output" time="0.001" /><testcase classname="tests.test_llama_interface.TestFormatChatPrompt" name="test_returns_tokenize_output" time="0.002" /><testcase classname="tests.test_llama_interface.TestLogSoftmax" name="test_output_is_valid_log_probability_distribution" time="0.001" /><testcase classname="tests.test_llama_interface.TestLogSoftmax" name="test_argmax_is_preserved" time="0.026" /><testcase classname="tests.test_llama_interface.TestLogSoftmax" name="test_all_values_are_non_positive" time="0.000" /><testcase classname="tests.test_llama_interface.TestLogSoftmax" name="test_returns_float64_array" time="0.000" /><testcase classname="tests.test_llama_interface.TestLogSoftmax" name="test_output_shape_matches_input" time="0.000" /><testcase classname="tests.test_llama_interface.TestLogSoftmax" name="test_numerically_stable_with_large_logits" time="0.000" /><testcase classname="tests.test_llama_interface.TestLogSoftmax" name="test_uniform_logits_produce_equal_log_probs" time="0.000" /><testcase classname="tests.test_llama_interface.TestTopKIdsFromLogprobs" name="test_returns_exactly_n_entries" time="0.001" /><testcase classname="tests.test_llama_interface.TestTopKIdsFromLogprobs" name="test_contains_highest_logprob_tokens" time="0.001" /><testcase classname="tests.test_llama_interface.TestTopKIdsFromLogprobs" name="test_excludes_lower_logprob_tokens" time="0.001" /><testcase classname="tests.test_llama_interface.TestTopKIdsFromLogprobs" name="test_values_match_logprobs_of_their_tokens" time="0.001" /><testcase classname="tests.test_llama_interface.TestTopKIdsFromLogprobs" name="test_values_are_python_floats" time="0.001" /><testcase classname="tests.test_llama_interface.TestTopKIdsFromLogprobs" name="test_sorted_descending_by_log_prob" time="0.001" /><testcase classname="tests.test_llama_interface.TestTopKIdsFromLogprobs" name="test_n_clamped_to_vocab_size" time="0.000" /><testcase classname="tests.test_llama_interface.TestTopKIdsFromLogprobs" name="test_n_of_one_returns_single_highest_token" time="0.000" /><testcase classname="tests.test_llama_interface.TestGenerateAdjusted" name="test_returns_llmoutputdatafull" time="0.631" /><testcase classname="tests.test_llama_interface.TestGenerateAdjusted" name="test_context_is_list_of_strings" time="0.609" /><testcase classname="tests.test_llama_interface.TestGenerateAdjusted" name="test_written_flag_is_false" time="0.587" /><testcase classname="tests.test_llama_interface.TestGenerateAdjusted" name="test_loops_exactly_max_tokens_times" time="0.658" /><testcase classname="tests.test_llama_interface.TestGenerateAdjusted" name="test_adjust_fn_called_each_step" time="0.615" /><testcase classname="tests.test_llama_interface.TestGenerateAdjusted" name="test_adjust_fn_receives_top_k_tokens" time="0.545" /><testcase classname="tests.test_llama_interface.TestGenerateAdjusted" name="test_adjust_fn_receives_empty_prev_probs_on_first_step" time="0.595" /><testcase classname="tests.test_llama_interface.TestGenerateAdjusted" name="test_adjust_fn_receives_growing_prev_probs" time="0.609" /><testcase classname="tests.test_llama_interface.TestGenerateAdjusted" name="test_response_topk_tokens_are_sampled_tokens" time="0.566" /><testcase classname="tests.test_llama_interface.TestGenerateAdjusted" name="test_stops_early_on_eos_token" time="0.584" /><testcase classname="tests.test_llama_interface.TestGenerateAdjusted" name="test_stops_early_on_eos_argmax" time="0.556" /><testcase classname="tests.test_llama_interface.TestGenerateAdjusted" name="test_prev_probs_reset_between_calls" time="0.595" /><testcase classname="tests.test_llama_interface.TestGenerateAdjusted" name="test_eval_called_with_prompt_first" time="0.595" /><testcase classname="tests.test_llama_interface.TestGenerateAdjusted" name="test_eval_called_once_per_token_plus_prompt" time="0.614" /><testcase classname="tests.test_llama_interface.TestGenerateAdjusted" name="test_single_token_eval_per_step" time="0.643" /><testcase classname="tests.test_llama_interface.TestGenerateAdjusted" name="test_max_tokens_zero_skips_generation_steps" time="0.549" /><testcase classname="tests.test_llama_interface.TestGenerateAdjusted" name="test_generation_loop_has_runaway_guard" time="0.606" /><testcase classname="tests.test_llama_interface.TestSampleTokenAdjusted" name="test_uses_live_state_without_prompt_rebuild" time="0.597" /><testcase classname="tests.test_llama_interface.TestSampleTokenAdjusted" name="test_rebuilds_from_prompt_when_live_state_empty" time="0.563" /><testcase classname="tests.test_llama_interface.TestSampleTokenAdjusted" name="test_use_live_state_false_rebuilds_even_if_live_exists" time="0.541" /><testcase classname="tests.test_llama_interface.TestSampleTokenAdjusted" name="test_returns_before_after_candidates_and_sampled_probability" time="0.592" /><testcase classname="tests.test_llama_interface.TestSampleTokenAdjusted" name="test_default_use_live_state_true_does_not_rebuild_prompt" time="0.552" /><testcase classname="tests.test_llama_interface.TestSampleTokenAdjusted" name="test_default_commit_token_true_commits_non_terminal_token" time="0.545" /><testcase classname="tests.test_llama_interface.TestSampleTokenAdjusted" name="test_terminal_eos_token_sets_terminal_flag_and_skips_eval" time="0.576" /><testcase classname="tests.test_adjust_probs.TestGenerationContext" name="test_stores_token_id_probs" time="0.000" /><testcase classname="tests.test_adjust_probs.TestGenerationContext" name="test_stores_prev_probs" time="0.000" /><testcase classname="tests.test_adjust_probs.TestGenerationContext" name="test_stores_context_tokens" time="0.000" /><testcase classname="tests.test_adjust_probs.TestGenerationContext" name="test_query_next_id_is_callable" time="0.000" /><testcase classname="tests.test_adjust_probs.TestGenerationContext" name="test_query_branch_is_callable" time="0.000" /><testcase classname="tests.test_adjust_probs.TestGenerationContext" name="test_token_id_candidates_are_present" time="0.000" /><testcase classname="tests.test_adjust_probs.TestAdjustIdentity" name="test_returns_candidate_tokens" time="0.000" /><testcase classname="tests.test_adjust_probs.TestAdjustIdentity" name="test_returns_token_probs_unchanged" time="0.000" /><testcase classname="tests.test_adjust_probs.TestAdjustIdentity" name="test_ignores_prev_probs" time="0.000" /><testcase classname="tests.test_adjust_probs.TestAdjustIdentity" name="test_satisfies_adjust_fn_signature" time="0.000" /><testcase classname="tests.test_adjust_probs.TestSampleLowTempInit" name="test_stores_alpha" time="0.000" /><testcase classname="tests.test_adjust_probs.TestSampleLowTempInit" name="test_different_alpha_values_stored" time="0.000" /><testcase classname="tests.test_adjust_probs.TestSampleLowTempInit" name="test_is_callable" time="0.000" /><testcase classname="tests.test_adjust_probs.TestSampleLowTempInit" name="test_satisfies_adjust_fn_signature" time="0.000" /><testcase classname="tests.test_adjust_probs.TestSampleLowTempCall" name="test_returns_candidate_tokens" time="0.000" /><testcase classname="tests.test_adjust_probs.TestSampleLowTempCall" name="test_output_ids_match_input_ids" time="0.000" /><testcase classname="tests.test_adjust_probs.TestSampleLowTempCall" name="test_output_values_are_floats" time="0.000" /><testcase classname="tests.test_adjust_probs.TestSampleLowTempCall" name="test_empty_prev_probs_gives_finite_output" time="0.000" /><testcase classname="tests.test_adjust_probs.TestSampleLowTempCall" name="test_with_prev_probs_changes_output" time="0.000" /><testcase classname="tests.test_adjust_probs.TestSampleLowTempCall" name="test_relative_order_preserved_with_empty_prev_probs" time="0.000" /><testcase classname="tests.test_adjust_probs.TestSampleLowTempCall" name="test_alpha_one_preserves_relative_order" time="0.000" /><testcase classname="tests.test_adjust_probs.TestSampleLowTempCall" name="test_different_alpha_produces_different_output" time="0.000" /><testcase classname="tests.test_adjust_probs.TestSampleLowTempCall" name="test_matches_exact_power_scaling_without_history" time="0.000" /><testcase classname="tests.test_adjust_probs.TestSampleLowTempCall" name="test_matches_exact_power_scaling_with_history_factor" time="0.000" /><testcase classname="tests.test_adjust_probs.TestSampleLowTempCall" name="test_stateful_rolling_matches_full_recompute" time="0.000" /><testcase classname="tests.test_adjust_probs.TestBranchSampler" name="test_reset_is_no_op_by_default" time="0.000" /><testcase classname="tests.test_adjust_probs.TestBranchSampler" name="test_subclass_must_implement_abstract_methods" time="0.000" /><testcase classname="tests.test_adjust_probs.TestMetropolisSampler" name="test_is_branch_sampler" time="0.000" /><testcase classname="tests.test_adjust_probs.TestMetropolisSampler" name="test_first_step_always_initialises_chain" time="0.000" /><testcase classname="tests.test_adjust_probs.TestMetropolisSampler" name="test_reset_clears_state" time="0.000" /><testcase classname="tests.test_adjust_probs.TestMetropolisSampler" name="test_step_returns_float" time="0.000" /><testcase classname="tests.test_adjust_probs.TestMetropolisSampler" name="test_more_likely_proposal_has_high_acceptance" time="0.000" /><testcase classname="tests.test_adjust_probs.TestMetropolisSampler" name="test_alpha_one_always_accepts" time="0.000" /><testcase classname="tests.test_adjust_probs.TestMetropolisSampler" name="test_should_continue_returns_true_below_min_branches" time="0.000" /><testcase classname="tests.test_adjust_probs.TestMetropolisSampler" name="test_should_continue_returns_false_at_max_branches" time="0.000" /><testcase classname="tests.test_adjust_probs.TestMetropolisSampler" name="test_init_sets_defaults_and_seeded_rng" time="0.000" /><testcase classname="tests.test_adjust_probs.TestMetropolisSampler" name="test_step_rejects_when_uniform_draw_above_acceptance_threshold" time="0.000" /><testcase classname="tests.test_adjust_probs.TestMetropolisSampler" name="test_step_accepts_when_uniform_draw_below_acceptance_threshold" time="0.000" /><testcase classname="tests.test_adjust_probs.TestMetropolisSampler" name="test_future_logprob_uses_post_equilibration_slice_exactly" time="0.000" /><testcase classname="tests.test_adjust_probs.TestBeamSampler" name="test_step_returns_proposed_log_prob_unchanged" time="0.000" /><testcase classname="tests.test_adjust_probs.TestBeamSampler" name="test_supports_token_beam_flag_enabled" time="0.000" /><testcase classname="tests.test_adjust_probs.TestBeamSampler" name="test_future_logprob_raises_on_empty_input" time="0.000" /><testcase classname="tests.test_adjust_probs.TestBeamSampler" name="test_invalid_constructor_args_raise" time="0.000" /><testcase classname="tests.test_adjust_probs.TestBeamSampler" name="test_future_logprob_from_context_expands_depth_and_prunes_to_beam" time="0.000" /><testcase classname="tests.test_adjust_probs.TestSamplePowerDistInit" name="test_stores_alpha" time="0.000" /><testcase classname="tests.test_adjust_probs.TestSamplePowerDistInit" name="test_stores_lookahead_depth" time="0.000" /><testcase classname="tests.test_adjust_probs.TestSamplePowerDistInit" name="test_stores_branch_sampler" time="0.000" /><testcase classname="tests.test_adjust_probs.TestSamplePowerDistInit" name="test_does_not_store_n_branches" time="0.000" /><testcase classname="tests.test_adjust_probs.TestSamplePowerDistInit" name="test_is_callable" time="0.000" /><testcase classname="tests.test_adjust_probs.TestSamplePowerDistCall" name="test_returns_candidate_tokens" time="0.001" /><testcase classname="tests.test_adjust_probs.TestSamplePowerDistCall" name="test_output_ids_match_input_ids" time="0.001" /><testcase classname="tests.test_adjust_probs.TestSamplePowerDistCall" name="test_output_values_are_floats" time="0.001" /><testcase classname="tests.test_adjust_probs.TestSamplePowerDistCall" name="test_query_branch_called_for_each_candidate_token" time="0.001" /><testcase classname="tests.test_adjust_probs.TestSamplePowerDistCall" name="test_branch_sampler_reset_called_per_branch" time="0.001" /><testcase classname="tests.test_adjust_probs.TestSamplePowerDistCall" name="test_branch_sampler_step_called_per_branch" time="0.001" /><testcase classname="tests.test_adjust_probs.TestSamplePowerDistCall" name="test_should_continue_checked_after_each_branch" time="0.001" /><testcase classname="tests.test_adjust_probs.TestSamplePowerDistCall" name="test_continues_until_should_continue_false" time="0.001" /><testcase classname="tests.test_adjust_probs.TestSamplePowerDistCall" name="test_query_branch_result_passed_to_step" time="0.001" /><testcase classname="tests.test_adjust_probs.TestSamplePowerDistCall" name="test_query_branch_called_with_correct_depth" time="0.002" /><testcase classname="tests.test_adjust_probs.TestSamplePowerDistCall" name="test_branch_loop_has_runaway_guard" time="0.001" /><testcase classname="tests.test_adjust_probs.TestSamplePowerDistCall" name="test_works_with_beam_sampler_single_pass" time="0.000" /><testcase classname="tests.test_adjust_probs.TestAdjustFnTypeAlias" name="test_adjust_identity_is_valid_adjust_fn" time="0.000" /><testcase classname="tests.test_adjust_probs.TestAdjustFnTypeAlias" name="test_sample_low_temp_is_valid_adjust_fn" time="0.000" /><testcase classname="tests.test_adjust_probs.TestAdjustFnTypeAlias" name="test_sample_power_dist_is_valid_adjust_fn" time="0.001" /></testsuite></testsuites>